2022-05-17 00:59:44 | 26484 | INFO | api.py | 167 | updateSpeech | Naming Pronounce - execute update speech Api
2022-05-17 00:59:50 | 26484 | INFO | db.py | 62 | __open | {}- Database connection successfully!.
2022-05-17 01:00:03 | 26484 | INFO | api.py | 111 | fetchSpeech | Naming Pronounce - execute fetch speech Api
2022-05-17 01:00:03 | 26484 | ERROR | api.py | 119 | fetchSpeech | uid should not be empty.
2022-05-17 01:00:03 | 26484 | INFO | db.py | 18 | __init__ | You cannot create another object of Database class
2022-05-17 01:00:19 | 26484 | INFO | api.py | 111 | fetchSpeech | Naming Pronounce - execute fetch speech Api
2022-05-17 01:00:19 | 26484 | ERROR | api.py | 119 | fetchSpeech | uid should not be empty.
2022-05-17 01:00:19 | 26484 | INFO | db.py | 18 | __init__ | You cannot create another object of Database class
2022-05-17 01:00:30 | 26484 | INFO | api.py | 167 | updateSpeech | Naming Pronounce - execute update speech Api
2022-05-17 01:00:30 | 26484 | INFO | db.py | 18 | __init__ | You cannot create another object of Database class
2022-05-17 01:01:48 | 28320 | INFO | api.py | 167 | updateSpeech | Naming Pronounce - execute update speech Api
2022-05-17 01:01:55 | 28320 | INFO | db.py | 62 | __open | {}- Database connection successfully!.
2022-05-17 01:01:57 | 28320 | ERROR | api.py | 191 | updateSpeech | column "u854770" does not exist
LINE 1: ...PDATE employee SET pronounciation = text WHERE eid = U854770
                                                                ^

2022-05-17 01:02:26 | 22856 | INFO | api.py | 167 | updateSpeech | Naming Pronounce - execute update speech Api
2022-05-17 01:02:27 | 22856 | INFO | db.py | 62 | __open | {}- Database connection successfully!.
2022-05-17 01:02:29 | 22856 | ERROR | api.py | 191 | updateSpeech | column "text" does not exist
LINE 1: UPDATE employee SET pronounciation = text WHERE eid = 'U8547...
                                             ^

2022-05-17 01:03:04 | 24628 | INFO | api.py | 167 | updateSpeech | Naming Pronounce - execute update speech Api
2022-05-17 01:03:05 | 24628 | INFO | db.py | 62 | __open | {}- Database connection successfully!.
2022-05-17 01:03:13 | 24628 | INFO | api.py | 111 | fetchSpeech | Naming Pronounce - execute fetch speech Api
2022-05-17 01:03:13 | 24628 | ERROR | api.py | 119 | fetchSpeech | uid should not be empty.
2022-05-17 01:03:13 | 24628 | INFO | db.py | 18 | __init__ | You cannot create another object of Database class
